/home/pi/picellar/picellar_controller.py:243: RuntimeWarning: No channels have been set up yet - nothing to clean up!  Try cleaning up at the end of your program instead!
  GPIO.cleanup()
/home/pi/picellar/picellar_controller.py:243: RuntimeWarning: No channels have been set up yet - nothing to clean up!  Try cleaning up at the end of your program instead!
  GPIO.cleanup()
Traceback (most recent call last):
  File "/usr/lib/python2.7/SocketServer.py", line 593, in process_request_thread
    self.finish_request(request, client_address)
  File "/usr/lib/python2.7/SocketServer.py", line 334, in finish_request
    self.RequestHandlerClass(request, client_address, self)
  File "/usr/lib/python2.7/SocketServer.py", line 651, in __init__
    self.finish()
  File "/usr/lib/python2.7/SocketServer.py", line 704, in finish
    self.wfile.flush()
  File "/usr/lib/python2.7/socket.py", line 303, in flush
    self._sock.sendall(view[write_offset:write_offset+buffer_size])
error: [Errno 32] Broken pipe
/home/pi/picellar/picellar_controller.py:243: RuntimeWarning: No channels have been set up yet - nothing to clean up!  Try cleaning up at the end of your program instead!
  GPIO.cleanup()
/home/pi/picellar/picellar_controller.py:243: RuntimeWarning: No channels have been set up yet - nothing to clean up!  Try cleaning up at the end of your program instead!
  GPIO.cleanup()
/home/pi/picellar/picellar_controller.py:243: RuntimeWarning: No channels have been set up yet - nothing to clean up!  Try cleaning up at the end of your program instead!
  GPIO.cleanup()
Traceback (most recent call last):
  File "/usr/lib/python2.7/SocketServer.py", line 593, in process_request_thread
    self.finish_request(request, client_address)
  File "/usr/lib/python2.7/SocketServer.py", line 334, in finish_request
    self.RequestHandlerClass(request, client_address, self)
  File "/usr/lib/python2.7/SocketServer.py", line 651, in __init__
    self.finish()
  File "/usr/lib/python2.7/SocketServer.py", line 704, in finish
    self.wfile.flush()
  File "/usr/lib/python2.7/socket.py", line 303, in flush
    self._sock.sendall(view[write_offset:write_offset+buffer_size])
error: [Errno 32] Broken pipe
/home/pi/picellar/picellar_controller.py:243: RuntimeWarning: No channels have been set up yet - nothing to clean up!  Try cleaning up at the end of your program instead!
  GPIO.cleanup()
/home/pi/picellar/picellar_controller.py:243: RuntimeWarning: No channels have been set up yet - nothing to clean up!  Try cleaning up at the end of your program instead!
  GPIO.cleanup()
Traceback (most recent call last):
  File "/usr/lib/python2.7/SocketServer.py", line 593, in process_request_thread
    self.finish_request(request, client_address)
  File "/usr/lib/python2.7/SocketServer.py", line 334, in finish_request
    self.RequestHandlerClass(request, client_address, self)
  File "/usr/lib/python2.7/SocketServer.py", line 651, in __init__
    self.finish()
  File "/usr/lib/python2.7/SocketServer.py", line 704, in finish
    self.wfile.flush()
  File "/usr/lib/python2.7/socket.py", line 303, in flush
    self._sock.sendall(view[write_offset:write_offset+buffer_size])
error: [Errno 32] Broken pipe
Traceback (most recent call last):
  File "/usr/lib/python2.7/SocketServer.py", line 593, in process_request_thread
    self.finish_request(request, client_address)
  File "/usr/lib/python2.7/SocketServer.py", line 334, in finish_request
    self.RequestHandlerClass(request, client_address, self)
  File "/usr/lib/python2.7/SocketServer.py", line 651, in __init__
    self.finish()
  File "/usr/lib/python2.7/SocketServer.py", line 704, in finish
    self.wfile.flush()
  File "/usr/lib/python2.7/socket.py", line 303, in flush
    self._sock.sendall(view[write_offset:write_offset+buffer_size])
error: [Errno 32] Broken pipe
Traceback (most recent call last):
  File "/usr/lib/python2.7/SocketServer.py", line 593, in process_request_thread
    self.finish_request(request, client_address)
  File "/usr/lib/python2.7/SocketServer.py", line 334, in finish_request
    self.RequestHandlerClass(request, client_address, self)
  File "/usr/lib/python2.7/SocketServer.py", line 649, in __init__
    self.handle()
  File "/usr/lib/python2.7/BaseHTTPServer.py", line 340, in handle
    self.handle_one_request()
  File "/usr/lib/python2.7/BaseHTTPServer.py", line 310, in handle_one_request
    self.raw_requestline = self.rfile.readline(65537)
  File "/usr/lib/python2.7/socket.py", line 476, in readline
    data = self._sock.recv(self._rbufsize)
error: [Errno 104] Connection reset by peer
/home/pi/picellar/picellar_controller.py:243: RuntimeWarning: No channels have been set up yet - nothing to clean up!  Try cleaning up at the end of your program instead!
  GPIO.cleanup()
/home/pi/picellar/picellar_controller.py:243: RuntimeWarning: No channels have been set up yet - nothing to clean up!  Try cleaning up at the end of your program instead!
  GPIO.cleanup()
/home/pi/picellar/picellar_controller.py:243: RuntimeWarning: No channels have been set up yet - nothing to clean up!  Try cleaning up at the end of your program instead!
  GPIO.cleanup()
Traceback (most recent call last):
  File "/usr/lib/python2.7/SocketServer.py", line 593, in process_request_thread
    self.finish_request(request, client_address)
  File "/usr/lib/python2.7/SocketServer.py", line 334, in finish_request
    self.RequestHandlerClass(request, client_address, self)
  File "/usr/lib/python2.7/SocketServer.py", line 651, in __init__
    self.finish()
  File "/usr/lib/python2.7/SocketServer.py", line 704, in finish
    self.wfile.flush()
  File "/usr/lib/python2.7/socket.py", line 303, in flush
    self._sock.sendall(view[write_offset:write_offset+buffer_size])
error: [Errno 32] Broken pipe
/home/pi/picellar/picellar_controller.py:243: RuntimeWarning: No channels have been set up yet - nothing to clean up!  Try cleaning up at the end of your program instead!
  GPIO.cleanup()
/home/pi/picellar/picellar_controller.py:243: RuntimeWarning: No channels have been set up yet - nothing to clean up!  Try cleaning up at the end of your program instead!
  GPIO.cleanup()
/home/pi/picellar/picellar_controller.py:243: RuntimeWarning: No channels have been set up yet - nothing to clean up!  Try cleaning up at the end of your program instead!
  GPIO.cleanup()
/home/pi/picellar/picellar_controller.py:245: RuntimeWarning: No channels have been set up yet - nothing to clean up!  Try cleaning up at the end of your program instead!
  GPIO.cleanup()
